<?xml version="1.0" encoding="UTF-8"?>
<!-- Generated by org.testng.reporters.JUnitXMLReporter -->
<testsuite ignored="2" hostname="DESKTOP-KHS7TGV" failures="0" tests="1" name="Default test" time="20.361" errors="0" timestamp="2021-05-24T19:40:32 IST">
  <testcase classname="test.TestActitimeLogin" name="login" time="0.006"/>
  <testcase classname="generic.BaseTest" name="@BeforeSuite executionstart" time="0.0">
    <ignored/>
  </testcase> <!-- @BeforeSuite executionstart -->
  <testcase classname="generic.BaseTest" name="@AfterSuite executionstop" time="0.0">
    <ignored/>
  </testcase> <!-- @AfterSuite executionstop -->
</testsuite> <!-- Default test -->
